2021-05-25 16:33:40,180 INFO     test_ai_mod.carbon_controllers.crawls -- Logging crawl output to /Users/bot/test_ai/apps/2eba1d88-abac-4204-be0a-26a9932f9c3d/builds/3ba98c86-a177-4abd-ba58-28283800da99/logs/crawl-20210525203340.log
2021-05-25 16:33:40,182 INFO     test_ai_mod.carbon_tasks.crawl_build_task -- crawling build, app_id: 2eba1d88-abac-4204-be0a-26a9932f9c3d, build_id: 3ba98c86-a177-4abd-ba58-28283800da99
2021-05-25 16:33:40,183 INFO     test_ai_mod.carbon_tasks.crawl_build_task -- num_steps (when no test): 25
2021-05-25 16:33:40,184 INFO     test_ai_mod.carbon_tasks.crawl_build_task -- max_steps: 150
2021-05-25 16:33:40,184 INFO     test_ai_mod.carbon_tasks.crawl_build_task -- max_iterations: 1
2021-05-25 16:33:40,184 INFO     test_ai_mod.carbon_tasks.crawl_build_task -- rand_seed: 1621974717
2021-05-25 16:33:40,184 INFO     test_ai_mod.carbon_tasks.crawl_build_task -- test_wildcard: *
2021-05-25 16:33:40,185 INFO     test_ai_mod.carbon_tasks.crawl_build_task -- package: com.reddit.frontpage
2021-05-25 16:33:40,185 INFO     test_ai_mod.carbon_tasks.crawl_build_task -- eyes_api_key: None
2021-05-25 16:33:40,185 INFO     test_ai_mod.carbon_tasks.crawl_build_task -- is_noop: False
2021-05-25 16:33:40,187 INFO     test_ai_mod.carbon_tasks.crawl_build_task -- created crawl, id: 20210525163340
2021-05-25 16:33:40,187 INFO     test_ai_mod.carbon_dao.local_carbon_dao -- Getting build info: APP_ID: 2eba1d88-abac-4204-be0a-26a9932f9c3d, BUILD_ID: 3ba98c86-a177-4abd-ba58-28283800da99
2021-05-25 16:33:40,188 INFO     test_ai_mod.carbon_dao.local_carbon_dao -- Getting build info: APP_ID: 2eba1d88-abac-4204-be0a-26a9932f9c3d, BUILD_ID: 3ba98c86-a177-4abd-ba58-28283800da99
2021-05-25 16:33:40,266 INFO     werkzeug -- 127.0.0.1 - - [25/May/2021 16:33:40] "[37mGET /favicon.ico HTTP/1.1[0m" 200 -
2021-05-25 16:33:40,551 INFO     test_ai_mod.carbon_explore.explore -- using default extra walk count: 0
2021-05-25 16:33:40,557 INFO     test_ai_mod.carbon_tasks.crawl_build_task -- initiating walk [1/1]
2021-05-25 16:33:40,557 INFO     test_ai_mod.carbon_test_case.carbon_tests -- initial number of steps for walk: 25
2021-05-25 16:33:40,557 INFO     test_ai_mod.carbon_tasks.crawl_build_task -- effective_max_steps this walk: 26
2021-05-25 16:33:40,559 INFO     test_ai_mod.carbon_explore.explore -- **************************************************
2021-05-25 16:33:40,559 INFO     test_ai_mod.carbon_explore.explore -- **************************************************
2021-05-25 16:33:40,559 INFO     test_ai_mod.carbon_explore.explore -- *                                                *
2021-05-25 16:33:40,559 INFO     test_ai_mod.carbon_explore.explore -- *                   BRAIN                    *
2021-05-25 16:33:40,559 INFO     test_ai_mod.carbon_explore.explore -- *                                                *
2021-05-25 16:33:40,559 INFO     test_ai_mod.carbon_explore.explore -- **************************************************
2021-05-25 16:33:40,559 INFO     test_ai_mod.carbon_explore.explore -- **************************************************
2021-05-25 16:33:40,560 INFO     test_ai_mod.carbon_initialization.initialization -- Random seed: 1621974717
2021-05-25 16:33:40,562 INFO     test_ai_mod.carbon_initialization.initialization -- ````````````````````````````````````````````````````````````````````````````````
2021-05-25 16:33:40,562 INFO     test_ai_mod.carbon_initialization.initialization --                   PACKAGE: com.reddit.frontpage
2021-05-25 16:33:40,562 INFO     test_ai_mod.carbon_initialization.initialization -- ````````````````````````````````````````````````````````````````````````````````
2021-05-25 16:33:40,562 INFO     test_ai_mod.carbon_initialization.initialization -- platform: ANDROID
2021-05-25 16:33:40,562 INFO     test_ai_mod.carbon_initialization.initialization -- using crawl_directory: /Users/bot/test_ai/apps/2eba1d88-abac-4204-be0a-26a9932f9c3d/builds/3ba98c86-a177-4abd-ba58-28283800da99/crawls/20210525163340
2021-05-25 16:33:40,563 INFO     test_ai_mod.carbon_botio.bot_io -- retrieving bot IO for app: 2eba1d88-abac-4204-be0a-26a9932f9c3d
2021-05-25 16:33:40,563 INFO     test_ai_mod.carbon_botio.bot_io -- ^^^^^^^^^^^^^^^^^^^^^^^^^^^^^^^^^^^^^^^^^^^^^^^^^^^^^^^^^^^^^^^^^^^^^^^^^^^^^^^^
2021-05-25 16:33:40,563 INFO     test_ai_mod.carbon_botio.bot_io -- botio_filepath: /Users/bot/test_ai/apps/2eba1d88-abac-4204-be0a-26a9932f9c3d/lkg/botio.json
2021-05-25 16:33:40,563 INFO     test_ai_mod.carbon_botio.bot_io -- use_snapshot: False
2021-05-25 16:33:40,563 INFO     test_ai_mod.carbon_botio.bot_io -- no botIO found for app: 2eba1d88-abac-4204-be0a-26a9932f9c3d
2021-05-25 16:33:40,565 INFO     test_ai_mod.carbon_dao.carbon_data -- loading models from LKG dir
2021-05-25 16:33:40,565 INFO     test_ai_mod.carbon_dao.carbon_data -- loading models from LKG dir
2021-05-25 16:33:40,566 INFO     test_ai_mod.carbon_explore.test_hooks -- Test case is None, no need for on_setup.
2021-05-25 16:33:40,567 INFO     test_ai_mod.carbon_utils.simulator_tools -- preparing clean iteration state...
2021-05-25 16:33:40,602 INFO     test_ai_mod.carbon_dao.local_carbon_dao -- Getting build info: APP_ID: 2eba1d88-abac-4204-be0a-26a9932f9c3d, BUILD_ID: 3ba98c86-a177-4abd-ba58-28283800da99
2021-05-25 16:33:40,603 INFO     werkzeug -- 127.0.0.1 - - [25/May/2021 16:33:40] "[37mGET /api/v1/c/testai/apps/android/2eba1d88-abac-4204-be0a-26a9932f9c3d/tests HTTP/1.1[0m" 200 -
2021-05-25 16:33:40,640 INFO     werkzeug -- 127.0.0.1 - - [25/May/2021 16:33:40] "[37mGET /api/v1/config/widgets HTTP/1.1[0m" 200 -
2021-05-25 16:33:40,689 INFO     werkzeug -- 127.0.0.1 - - [25/May/2021 16:33:40] "[37mGET /api/v2/status HTTP/1.1[0m" 200 -
2021-05-25 16:33:47,395 INFO     test_ai_mod.carbon_automation.driver -- Screen density: 1.0
2021-05-25 16:33:47,395 INFO     test_ai_mod.carbon_utils.simulator_tools -- Attempting uninstall on app: com.reddit.frontpage
2021-05-25 16:33:49,034 INFO     werkzeug -- 127.0.0.1 - - [25/May/2021 16:33:49] "[37mGET /api/v2/status HTTP/1.1[0m" 200 -
2021-05-25 16:33:49,300 INFO     test_ai_mod.carbon_utils.simulator_tools -- Installing app: http://localhost:5000/api/v2/apps/2eba1d88-abac-4204-be0a-26a9932f9c3d/builds/3ba98c86-a177-4abd-ba58-28283800da99/download?ext=.apk
2021-05-25 16:33:49,723 INFO     werkzeug -- 127.0.0.1 - - [25/May/2021 16:33:49] "[37mGET /api/v2/apps/2eba1d88-abac-4204-be0a-26a9932f9c3d/builds/3ba98c86-a177-4abd-ba58-28283800da99/download?ext=.apk HTTP/1.1[0m" 200 -
2021-05-25 16:34:00,298 INFO     test_ai_mod.carbon_utils.simulator_tools -- Launching app: com.reddit.frontpage
2021-05-25 16:34:04,112 INFO     werkzeug -- 127.0.0.1 - - [25/May/2021 16:34:04] "[37mGET /api/v2/status HTTP/1.1[0m" 200 -
2021-05-25 16:34:10,726 INFO     test_ai_mod.carbon_initialization.initialization -- starting dom stability
2021-05-25 16:34:10,929 INFO     test_ai_mod.carbon_actions.carbon_actions -- Got new page source
2021-05-25 16:34:11,172 INFO     test_ai_mod.carbon_actions.carbon_actions -- Got new page source
2021-05-25 16:34:11,436 INFO     test_ai_mod.carbon_actions.carbon_actions -- Got new page source
2021-05-25 16:34:11,679 INFO     test_ai_mod.carbon_actions.carbon_actions -- Got new page source
2021-05-25 16:34:11,876 INFO     test_ai_mod.carbon_actions.carbon_actions -- Got new page source
2021-05-25 16:34:11,876 INFO     test_ai_mod.carbon_actions.carbon_actions -- Seen the same screen the max amount (5)
2021-05-25 16:34:11,876 INFO     test_ai_mod.carbon_actions.carbon_actions -- incrementing source count to: 1
2021-05-25 16:34:11,877 INFO     test_ai_mod.carbon_explore.explore_utils -- saving screenshot
2021-05-25 16:34:14,231 INFO     test_ai_mod.carbon_explore.explore_utils -- scn_shot_file_path: /Users/bot/test_ai/apps/2eba1d88-abac-4204-be0a-26a9932f9c3d/builds/3ba98c86-a177-4abd-ba58-28283800da99/crawls/20210525163340/tmp/runtime_labeling_screen.png
2021-05-25 16:34:19,035 INFO     werkzeug -- 127.0.0.1 - - [25/May/2021 16:34:19] "[37mGET /api/v2/status HTTP/1.1[0m" 200 -
2021-05-25 16:34:27,946 ERROR    test_ai_mod.carbon_automation.driver -- Unable to get active app package.
2021-05-25 16:34:27,947 INFO     test_ai_mod.carbon_initialization.initialization -- current package sent in as: com.reddit.frontpage
2021-05-25 16:34:27,947 INFO     test_ai_mod.carbon_initialization.initialization -- ended dom stability
2021-05-25 16:34:27,953 INFO     test_ai_mod.carbon_explore.explore -- package is set to: com.reddit.frontpage
2021-05-25 16:34:27,954 INFO     test_ai_mod.carbon_explore.explore -- ********************************************************************************
2021-05-25 16:34:27,955 INFO     test_ai_mod.carbon_explore.explore -- * TIMEOUT: None
2021-05-25 16:34:27,955 INFO     test_ai_mod.carbon_explore.explore -- * disable_bounceback: False
2021-05-25 16:34:27,955 INFO     test_ai_mod.carbon_explore.explore -- ********************************************************************************
2021-05-25 16:34:27,956 INFO     test_ai_mod.carbon_explore.explore -- getting walk queue
2021-05-25 16:34:27,956 INFO     test_ai_mod.carbon_explore.explore_utils -- getting xml_src
2021-05-25 16:34:28,094 INFO     test_ai_mod.carbon_explore.explore_utils -- getting screen_elems
2021-05-25 16:34:28,108 INFO     test_ai_mod.carbon_explore.explore_utils -- filtering elems - 24
2021-05-25 16:34:28,108 INFO     test_ai_mod.carbon_explore.explore_utils -- saving info - 24
2021-05-25 16:34:28,109 INFO     test_ai_mod.carbon_explore.explore_utils -- saving core elems iter: 0, step 0, save_dir: /Users/bot/test_ai/apps/2eba1d88-abac-4204-be0a-26a9932f9c3d/builds/3ba98c86-a177-4abd-ba58-28283800da99/crawls/20210525163340
2021-05-25 16:34:28,119 INFO     test_ai_mod.carbon_explore.explore -- got all screen info saved
2021-05-25 16:34:28,120 INFO     test_ai_mod.carbon_explore.explore_utils -- saving core elems iter: 0, step 0, save_dir: /Users/bot/test_ai/apps/2eba1d88-abac-4204-be0a-26a9932f9c3d/builds/3ba98c86-a177-4abd-ba58-28283800da99/crawls/20210525163340
2021-05-25 16:34:28,128 INFO     test_ai_mod.carbon_explore.result_storage -- LOG FILE PATH: /Users/bot/test_ai/apps/2eba1d88-abac-4204-be0a-26a9932f9c3d/builds/3ba98c86-a177-4abd-ba58-28283800da99/crawls/20210525163340/iter_00000_step_00000_logs.txt
2021-05-25 16:34:28,128 INFO     test_ai_mod.carbon_explore.result_storage -- ALL LOGS FILE PATH: /Users/bot/test_ai/apps/2eba1d88-abac-4204-be0a-26a9932f9c3d/builds/3ba98c86-a177-4abd-ba58-28283800da99/crawls/20210525163340/iter_00000_step_-0001_logs.txt
2021-05-25 16:34:28,414 INFO     test_ai_mod.carbon_explore.interactive -- Interactive explore -- start_interactive_loop starting.
2021-05-25 16:34:28,429 INFO     test_ai_mod.carbon_explore.interactive -- Interactive explore -- running initial auto label
2021-05-25 16:34:28,430 INFO     test_ai_mod.carbon_tasks.process_crawl_task -- processing crawl: 20210525163340 (app: 2eba1d88-abac-4204-be0a-26a9932f9c3d, build: 3ba98c86-a177-4abd-ba58-28283800da99)
2021-05-25 16:34:28,431 INFO     test_ai_mod.carbon_tasks.process_crawl_task -- processing screens for crawl
2021-05-25 16:34:28,539 INFO     test_ai_mod.carbon_tasks.process_crawl_task -- writing unique screens file
2021-05-25 16:34:28,539 INFO     test_ai_mod.carbon_tasks.process_crawl_task -- writing screen hash map
2021-05-25 16:34:28,540 INFO     test_ai_mod.carbon_tasks.process_crawl_task -- writing screen similarity file
2021-05-25 16:34:28,541 INFO     test_ai_mod.carbon_tasks.process_crawl_task -- processing elements for crawl
2021-05-25 16:34:28,542 INFO     test_ai_mod.carbon_tasks.process_crawl_task -- processing: iter_00000_step_00000_info.json
2021-05-25 16:34:29,527 INFO     test_ai_mod.carbon_tasks.process_crawl_task -- Writing unique tags file.
2021-05-25 16:34:29,527 INFO     test_ai_mod.carbon_tasks.process_crawl_task -- writing unique elems file
2021-05-25 16:34:29,528 INFO     test_ai_mod.carbon_tasks.process_crawl_task -- writing elem hash map
2021-05-25 16:34:29,532 INFO     test_ai_mod.carbon_tasks.process_crawl_task -- writing elem similarity file
2021-05-25 16:34:29,532 INFO     test_ai_mod.carbon_tasks.process_crawl_task -- generating labeler objects file for crawl (v0)
2021-05-25 16:34:29,537 INFO     test_ai_mod.carbon_tasks.process_crawl_task -- reconciling screens labeled at runtime
2021-05-25 16:34:29,537 INFO     test_ai_mod.carbon_tasks.process_crawl_task -- reconciling elements labeled at runtime
2021-05-25 16:34:29,540 INFO     test_ai_mod.carbon_tasks.generate_auto_labels_task -- generating auto labels for crawl: 20210525163340, app_id: 2eba1d88-abac-4204-be0a-26a9932f9c3d, build_id: 3ba98c86-a177-4abd-ba58-28283800da99
2021-05-25 16:34:29,541 INFO     test_ai_mod.carbon_dao.local_carbon_dao -- Getting build info: APP_ID: 2eba1d88-abac-4204-be0a-26a9932f9c3d, BUILD_ID: 3ba98c86-a177-4abd-ba58-28283800da99
2021-05-25 16:34:29,544 INFO     test_ai_mod.carbon_dao.local_carbon_dao -- Getting build info: APP_ID: 2eba1d88-abac-4204-be0a-26a9932f9c3d, BUILD_ID: 3ba98c86-a177-4abd-ba58-28283800da99
2021-05-25 16:34:29,545 INFO     test_ai_mod.carbon_tasks.generate_auto_labels_task -- getting data for crawl: 20210525163340
2021-05-25 16:34:29,547 INFO     test_ai_mod.carbon_tasks.generate_auto_labels_task -- processing crawl: 20210525163340
2021-05-25 16:34:29,566 INFO     test_ai_mod.carbon_tasks.generate_auto_labels_task -- writing merged, suggested labels for crawl: 20210525163340
2021-05-25 16:34:29,569 INFO     test_ai_mod.carbon_tasks.generate_auto_labels_task -- writing applied hashes to labels to file: /Users/bot/test_ai/apps/2eba1d88-abac-4204-be0a-26a9932f9c3d/lkg/hashes_to_labels.json
2021-05-25 16:34:29,569 INFO     test_ai_mod.carbon_tasks.generate_auto_labels_task -- writing applied human readable to labels to file: /Users/bot/test_ai/apps/2eba1d88-abac-4204-be0a-26a9932f9c3d/lkg/human_readable_to_labels.json
2021-05-25 16:34:29,570 INFO     test_ai_mod.carbon_tasks.generate_auto_labels_task -- writing label to hash dicts to file: /Users/bot/test_ai/apps/2eba1d88-abac-4204-be0a-26a9932f9c3d/lkg/label_to_hash_dicts.json
2021-05-25 16:34:29,570 INFO     test_ai_mod.carbon_tasks.generate_auto_labels_task -- writing human readable to paths to file: /Users/bot/test_ai/apps/2eba1d88-abac-4204-be0a-26a9932f9c3d/lkg/human_readable_to_paths.json
2021-05-25 16:34:29,571 INFO     test_ai_mod.carbon_classifiers.label_classifier_pipe -- Begin loading configured modules
2021-05-25 16:34:29,572 INFO     test_ai_mod.carbon_classifiers.carbon_classifier_v1.screen_classifier -- Loading ScreenClassifier
2021-05-25 16:34:29,572 INFO     test_ai_mod.carbon_classifiers.template_matching.app_specific_template_matcher -- Loading AppSpecificTemplateMatcher
2021-05-25 16:34:29,572 INFO     test_ai_mod.carbon_classifiers.perceptual.nn_classifier -- Loading NNClassifier
2021-05-25 16:34:29,572 INFO     test_ai_mod.carbon_classifiers.template_matching.template_matching_classifier -- Loading TemplateMatchingClassifier
2021-05-25 16:34:29,573 WARNING  test_ai_mod.carbon_classifiers.template_matching.template_matching_classifier -- No template director exists at /Users/bot/test_ai/templates
2021-05-25 16:34:29,574 INFO     test_ai_mod.carbon_classifiers.general_classifier_v1.general_classifier -- Initializing general classifiers
2021-05-25 16:34:29,575 INFO     test_ai_mod.carbon_classifiers.general_classifier_v1.general_classifier -- loading classifier data: SCREENS, from path: /Users/bot/test_ai.app/Contents/MacOS/SCREENS.unenc
2021-05-25 16:34:30,573 INFO     test_ai_mod.carbon_classifiers.general_classifier_v1.general_classifier -- Loaded SCREENS classifiers, 0.999209880829
2021-05-25 16:34:30,574 INFO     test_ai_mod.carbon_classifiers.general_classifier_v1.general_classifier -- loading classifier data: ELEM_IMAGES, from path: /Users/bot/test_ai.app/Contents/MacOS/ELEM_IMAGES.unenc
2021-05-25 16:34:30,998 INFO     test_ai_mod.carbon_classifiers.general_classifier_v1.general_classifier -- Loaded ELEM_IMAGES classifiers, 0.425065994263
2021-05-25 16:34:30,999 INFO     test_ai_mod.carbon_classifiers.general_classifier_v1.general_classifier -- loading classifier data: IMAGENET, from path: /Users/bot/test_ai.app/Contents/MacOS/IMAGENET.unenc
2021-05-25 16:34:31,583 INFO     test_ai_mod.carbon_classifiers.general_classifier_v1.general_classifier -- Loaded IMAGENET classifiers, 0.584120988846
2021-05-25 16:34:33,350 INFO     test_ai_mod.carbon_classifiers.general_classifier_v1.general_classifier -- Finished general classification load attempt: 0.584120988846
2021-05-25 16:34:33,389 INFO     test_ai_mod.carbon_classifiers.http_classifier.http_classifier -- Loaded Http Classifier for ""
2021-05-25 16:34:33,390 INFO     test_ai_mod.carbon_tasks.generate_auto_labels_task -- classifying 1 unique screens
2021-05-25 16:34:33,391 INFO     test_ai_mod.carbon_dao.carbon_data -- loading models from LKG dir
2021-05-25 16:34:33,391 INFO     test_ai_mod.carbon_dao.carbon_data -- loading models from LKG dir
2021-05-25 16:34:33,400 INFO     test_ai_mod.carbon_classifiers.label_classifier_pipe -- Begin labeling elements
2021-05-25 16:34:33,411 INFO     test_ai_mod.carbon_classifiers.template_matching.app_specific_template_matcher -- Classifying screen with AppSpecificTemplateMatcher
2021-05-25 16:34:33,412 INFO     test_ai_mod.carbon_classifiers.perceptual.nn_classifier -- Classifying screen with NNClassifier
2021-05-25 16:34:33,455 INFO     test_ai_mod.carbon_classifiers.label_classifier_pipe -- End labeling elements: Time taken 0.0545680522919 seconds
2021-05-25 16:34:33,457 INFO     test_ai_mod.carbon_tasks.generate_auto_labels_task -- classifying 24 unique elems
2021-05-25 16:34:33,459 INFO     test_ai_mod.carbon_dao.carbon_data -- loading models from LKG dir
2021-05-25 16:34:33,459 INFO     test_ai_mod.carbon_dao.carbon_data -- loading models from LKG dir
2021-05-25 16:34:33,459 INFO     test_ai_mod.carbon_classifiers.label_classifier_pipe -- Begin labeling elements
2021-05-25 16:34:33,470 INFO     test_ai_mod.carbon_classifiers.template_matching.app_specific_template_matcher -- Classifying screen with AppSpecificTemplateMatcher
2021-05-25 16:34:33,471 INFO     test_ai_mod.carbon_classifiers.perceptual.nn_classifier -- Classifying screen with NNClassifier
2021-05-25 16:34:33,705 INFO     test_ai_mod.carbon_classifiers.label_classifier_pipe -- End labeling elements: Time taken 0.245458126068 seconds
2021-05-25 16:34:33,706 INFO     test_ai_mod.carbon_tasks.generate_auto_labels_task -- writing merged, suggested labels for crawl: 20210525163340
2021-05-25 16:34:33,707 INFO     test_ai_mod.carbon_explore.interactive -- 


[32;1mCarbon Interactive Crawling Session Starting...
Please make sure you are running the test.ai GUI (./test.ai -d).
Once the GUI is running, please visit [34mhttp://localhost:5000[32;1m.
To access the interactive session, select the correct app, and click on "Live Labeling".

[0m
2021-05-25 16:34:34,060 INFO     test_ai_mod.carbon_explore.interactive -- Interactive explore -- status -- start
2021-05-25 16:34:34,060 INFO     test_ai_mod.carbon_explore.interactive -- Interactive explore -- status -- end
2021-05-25 16:34:34,069 INFO     test_ai_mod.carbon_explore.interactive -- Interactive explore -- get_crawls(android, 2eba1d88-abac-4204-be0a-26a9932f9c3d) -- start
2021-05-25 16:34:34,072 INFO     test_ai_mod.carbon_explore.interactive -- Interactive explore -- get_crawls(android, 2eba1d88-abac-4204-be0a-26a9932f9c3d) -- end
2021-05-25 16:34:34,160 INFO     test_ai_mod.carbon_explore.interactive -- Interactive explore -- get_labeler_objects -- start
2021-05-25 16:34:34,160 INFO     test_ai_mod.carbon_explore.interactive -- Interactive explore -- Processing crawl interactively 20210525163340
2021-05-25 16:34:34,160 INFO     test_ai_mod.carbon_tasks.process_crawl_task -- processing crawl: 20210525163340 (app: 2eba1d88-abac-4204-be0a-26a9932f9c3d, build: 3ba98c86-a177-4abd-ba58-28283800da99)
2021-05-25 16:34:34,161 INFO     test_ai_mod.carbon_tasks.process_crawl_task -- processing screens for crawl
2021-05-25 16:34:34,246 INFO     test_ai_mod.carbon_tasks.process_crawl_task -- writing unique screens file
2021-05-25 16:34:34,246 INFO     test_ai_mod.carbon_tasks.process_crawl_task -- writing screen hash map
2021-05-25 16:34:34,248 INFO     test_ai_mod.carbon_tasks.process_crawl_task -- writing screen similarity file
2021-05-25 16:34:34,248 INFO     test_ai_mod.carbon_tasks.process_crawl_task -- processing elements for crawl
2021-05-25 16:34:34,248 INFO     test_ai_mod.carbon_tasks.process_crawl_task -- skipping already processed: iter_00000_step_00000_info.json
2021-05-25 16:34:34,368 INFO     test_ai_mod.carbon_dao.local_carbon_dao -- Getting build info: APP_ID: 2eba1d88-abac-4204-be0a-26a9932f9c3d, BUILD_ID: 3ba98c86-a177-4abd-ba58-28283800da99
2021-05-25 16:34:34,502 INFO     test_ai_mod.carbon_tasks.process_crawl_task -- Writing unique tags file.
2021-05-25 16:34:34,503 INFO     test_ai_mod.carbon_tasks.process_crawl_task -- writing unique elems file
2021-05-25 16:34:34,506 INFO     test_ai_mod.carbon_tasks.process_crawl_task -- writing elem hash map
2021-05-25 16:34:34,509 INFO     test_ai_mod.carbon_tasks.process_crawl_task -- writing elem similarity file
2021-05-25 16:34:34,511 INFO     test_ai_mod.carbon_tasks.process_crawl_task -- generating labeler objects file for crawl (v0)
2021-05-25 16:34:34,523 INFO     test_ai_mod.carbon_tasks.process_crawl_task -- reconciling screens labeled at runtime
2021-05-25 16:34:34,523 INFO     test_ai_mod.carbon_tasks.process_crawl_task -- reconciling elements labeled at runtime
2021-05-25 16:34:34,527 INFO     test_ai_mod.carbon_explore.interactive -- Interactive explore -- Generating labels using hash information 20210525163340
2021-05-25 16:34:34,531 INFO     test_ai_mod.carbon_explore.interactive -- Interactive explore -- get_labeler_objects -- end
2021-05-25 16:34:34,872 INFO     test_ai_mod.carbon_dao.local_carbon_dao -- Getting build info: APP_ID: 2eba1d88-abac-4204-be0a-26a9932f9c3d, BUILD_ID: 3ba98c86-a177-4abd-ba58-28283800da99
2021-05-25 16:34:35,048 INFO     test_ai_mod.labeler.v1.crawls -- elem image requested, crawl: 20210525163340, filename: iter_00000_step_00000_13_android.view.View.png
2021-05-25 16:34:35,049 INFO     test_ai_mod.carbon_dao.local_carbon_dao -- Getting build info: APP_ID: 2eba1d88-abac-4204-be0a-26a9932f9c3d, BUILD_ID: 3ba98c86-a177-4abd-ba58-28283800da99
2021-05-25 16:34:35,050 INFO     test_ai_mod.labeler.v1.crawls -- resolved to: /Users/bot/test_ai/apps/2eba1d88-abac-4204-be0a-26a9932f9c3d/builds/3ba98c86-a177-4abd-ba58-28283800da99/crawls/20210525163340/elems/iter_00000_step_00000_13_android.view.View.png
2021-05-25 16:34:35,061 INFO     test_ai_mod.labeler.v1.crawls -- elem image requested, crawl: 20210525163340, filename: iter_00000_step_00000_14_android.widget.ViewSwitcher.png
2021-05-25 16:34:35,061 INFO     test_ai_mod.carbon_dao.local_carbon_dao -- Getting build info: APP_ID: 2eba1d88-abac-4204-be0a-26a9932f9c3d, BUILD_ID: 3ba98c86-a177-4abd-ba58-28283800da99
2021-05-25 16:34:35,062 INFO     test_ai_mod.labeler.v1.crawls -- resolved to: /Users/bot/test_ai/apps/2eba1d88-abac-4204-be0a-26a9932f9c3d/builds/3ba98c86-a177-4abd-ba58-28283800da99/crawls/20210525163340/elems/iter_00000_step_00000_14_android.widget.ViewSwitcher.png
2021-05-25 16:34:35,077 INFO     test_ai_mod.carbon_dao.local_carbon_dao -- Getting build info: APP_ID: 2eba1d88-abac-4204-be0a-26a9932f9c3d, BUILD_ID: 3ba98c86-a177-4abd-ba58-28283800da99
2021-05-25 16:34:35,156 INFO     test_ai_mod.labeler.v1.crawls -- elem image requested, crawl: 20210525163340, filename: iter_00000_step_00000_10_android.view.View.png
2021-05-25 16:34:35,158 INFO     test_ai_mod.labeler.v1.crawls -- elem image requested, crawl: 20210525163340, filename: iter_00000_step_00000_12_android.widget.ImageView.png
2021-05-25 16:34:35,159 INFO     test_ai_mod.carbon_dao.local_carbon_dao -- Getting build info: APP_ID: 2eba1d88-abac-4204-be0a-26a9932f9c3d, BUILD_ID: 3ba98c86-a177-4abd-ba58-28283800da99
2021-05-25 16:34:35,160 INFO     test_ai_mod.carbon_dao.local_carbon_dao -- Getting build info: APP_ID: 2eba1d88-abac-4204-be0a-26a9932f9c3d, BUILD_ID: 3ba98c86-a177-4abd-ba58-28283800da99
2021-05-25 16:34:35,161 INFO     test_ai_mod.labeler.v1.crawls -- resolved to: /Users/bot/test_ai/apps/2eba1d88-abac-4204-be0a-26a9932f9c3d/builds/3ba98c86-a177-4abd-ba58-28283800da99/crawls/20210525163340/elems/iter_00000_step_00000_10_android.view.View.png
2021-05-25 16:34:35,162 INFO     test_ai_mod.labeler.v1.crawls -- resolved to: /Users/bot/test_ai/apps/2eba1d88-abac-4204-be0a-26a9932f9c3d/builds/3ba98c86-a177-4abd-ba58-28283800da99/crawls/20210525163340/elems/iter_00000_step_00000_12_android.widget.ImageView.png
2021-05-25 16:34:35,346 INFO     test_ai_mod.labeler.v1.crawls -- elem image requested, crawl: 20210525163340, filename: iter_00000_step_00000_18_android.widget.Button.png
2021-05-25 16:34:35,347 INFO     test_ai_mod.carbon_dao.local_carbon_dao -- Getting build info: APP_ID: 2eba1d88-abac-4204-be0a-26a9932f9c3d, BUILD_ID: 3ba98c86-a177-4abd-ba58-28283800da99
2021-05-25 16:34:35,347 INFO     test_ai_mod.labeler.v1.crawls -- resolved to: /Users/bot/test_ai/apps/2eba1d88-abac-4204-be0a-26a9932f9c3d/builds/3ba98c86-a177-4abd-ba58-28283800da99/crawls/20210525163340/elems/iter_00000_step_00000_18_android.widget.Button.png
2021-05-25 16:34:35,389 INFO     test_ai_mod.labeler.v1.crawls -- elem image requested, crawl: 20210525163340, filename: iter_00000_step_00000_15_android.widget.LinearLayout.png
2021-05-25 16:34:35,389 INFO     test_ai_mod.carbon_dao.local_carbon_dao -- Getting build info: APP_ID: 2eba1d88-abac-4204-be0a-26a9932f9c3d, BUILD_ID: 3ba98c86-a177-4abd-ba58-28283800da99
2021-05-25 16:34:35,390 INFO     test_ai_mod.labeler.v1.crawls -- resolved to: /Users/bot/test_ai/apps/2eba1d88-abac-4204-be0a-26a9932f9c3d/builds/3ba98c86-a177-4abd-ba58-28283800da99/crawls/20210525163340/elems/iter_00000_step_00000_15_android.widget.LinearLayout.png
2021-05-25 16:34:35,451 INFO     test_ai_mod.labeler.v1.crawls -- elem image requested, crawl: 20210525163340, filename: iter_00000_step_00000_7_android.view.ViewGroup.png
2021-05-25 16:34:35,452 INFO     test_ai_mod.carbon_dao.local_carbon_dao -- Getting build info: APP_ID: 2eba1d88-abac-4204-be0a-26a9932f9c3d, BUILD_ID: 3ba98c86-a177-4abd-ba58-28283800da99
2021-05-25 16:34:35,452 INFO     test_ai_mod.labeler.v1.crawls -- resolved to: /Users/bot/test_ai/apps/2eba1d88-abac-4204-be0a-26a9932f9c3d/builds/3ba98c86-a177-4abd-ba58-28283800da99/crawls/20210525163340/elems/iter_00000_step_00000_7_android.view.ViewGroup.png
2021-05-25 16:34:35,469 INFO     test_ai_mod.labeler.v1.crawls -- elem image requested, crawl: 20210525163340, filename: iter_00000_step_00000_0_android.widget.FrameLayout.png
2021-05-25 16:34:35,470 INFO     test_ai_mod.carbon_dao.local_carbon_dao -- Getting build info: APP_ID: 2eba1d88-abac-4204-be0a-26a9932f9c3d, BUILD_ID: 3ba98c86-a177-4abd-ba58-28283800da99
2021-05-25 16:34:35,470 INFO     test_ai_mod.labeler.v1.crawls -- resolved to: /Users/bot/test_ai/apps/2eba1d88-abac-4204-be0a-26a9932f9c3d/builds/3ba98c86-a177-4abd-ba58-28283800da99/crawls/20210525163340/elems/iter_00000_step_00000_0_android.widget.FrameLayout.png
2021-05-25 16:34:35,587 INFO     test_ai_mod.labeler.v1.crawls -- elem image requested, crawl: 20210525163340, filename: iter_00000_step_00000_21_android.widget.CheckBox.png
2021-05-25 16:34:35,587 INFO     test_ai_mod.carbon_dao.local_carbon_dao -- Getting build info: APP_ID: 2eba1d88-abac-4204-be0a-26a9932f9c3d, BUILD_ID: 3ba98c86-a177-4abd-ba58-28283800da99
2021-05-25 16:34:35,590 INFO     test_ai_mod.labeler.v1.crawls -- resolved to: /Users/bot/test_ai/apps/2eba1d88-abac-4204-be0a-26a9932f9c3d/builds/3ba98c86-a177-4abd-ba58-28283800da99/crawls/20210525163340/elems/iter_00000_step_00000_21_android.widget.CheckBox.png
2021-05-25 16:34:35,685 INFO     test_ai_mod.carbon_dao.local_carbon_dao -- Getting build info: APP_ID: 2eba1d88-abac-4204-be0a-26a9932f9c3d, BUILD_ID: 3ba98c86-a177-4abd-ba58-28283800da99
2021-05-25 16:34:35,749 INFO     test_ai_mod.labeler.v1.crawls -- elem image requested, crawl: 20210525163340, filename: iter_00000_step_00000_22_android.widget.TextView.png
2021-05-25 16:34:35,750 INFO     test_ai_mod.carbon_dao.local_carbon_dao -- Getting build info: APP_ID: 2eba1d88-abac-4204-be0a-26a9932f9c3d, BUILD_ID: 3ba98c86-a177-4abd-ba58-28283800da99
2021-05-25 16:34:35,750 INFO     test_ai_mod.labeler.v1.crawls -- resolved to: /Users/bot/test_ai/apps/2eba1d88-abac-4204-be0a-26a9932f9c3d/builds/3ba98c86-a177-4abd-ba58-28283800da99/crawls/20210525163340/elems/iter_00000_step_00000_22_android.widget.TextView.png
2021-05-25 16:34:35,769 INFO     test_ai_mod.labeler.v1.crawls -- elem image requested, crawl: 20210525163340, filename: iter_00000_step_00000_20_android.widget.LinearLayout.png
2021-05-25 16:34:35,769 INFO     test_ai_mod.carbon_dao.local_carbon_dao -- Getting build info: APP_ID: 2eba1d88-abac-4204-be0a-26a9932f9c3d, BUILD_ID: 3ba98c86-a177-4abd-ba58-28283800da99
2021-05-25 16:34:35,770 INFO     test_ai_mod.labeler.v1.crawls -- resolved to: /Users/bot/test_ai/apps/2eba1d88-abac-4204-be0a-26a9932f9c3d/builds/3ba98c86-a177-4abd-ba58-28283800da99/crawls/20210525163340/elems/iter_00000_step_00000_20_android.widget.LinearLayout.png
2021-05-25 16:34:35,842 INFO     test_ai_mod.labeler.v1.crawls -- elem image requested, crawl: 20210525163340, filename: iter_00000_step_00000_17_android.widget.Button.png
2021-05-25 16:34:35,842 INFO     test_ai_mod.carbon_dao.local_carbon_dao -- Getting build info: APP_ID: 2eba1d88-abac-4204-be0a-26a9932f9c3d, BUILD_ID: 3ba98c86-a177-4abd-ba58-28283800da99
2021-05-25 16:34:35,843 INFO     test_ai_mod.labeler.v1.crawls -- resolved to: /Users/bot/test_ai/apps/2eba1d88-abac-4204-be0a-26a9932f9c3d/builds/3ba98c86-a177-4abd-ba58-28283800da99/crawls/20210525163340/elems/iter_00000_step_00000_17_android.widget.Button.png
2021-05-25 16:34:35,908 INFO     test_ai_mod.labeler.v1.crawls -- elem image requested, crawl: 20210525163340, filename: iter_00000_step_00000_19_android.widget.Button.png
2021-05-25 16:34:35,908 INFO     test_ai_mod.carbon_dao.local_carbon_dao -- Getting build info: APP_ID: 2eba1d88-abac-4204-be0a-26a9932f9c3d, BUILD_ID: 3ba98c86-a177-4abd-ba58-28283800da99
2021-05-25 16:34:35,909 INFO     test_ai_mod.labeler.v1.crawls -- resolved to: /Users/bot/test_ai/apps/2eba1d88-abac-4204-be0a-26a9932f9c3d/builds/3ba98c86-a177-4abd-ba58-28283800da99/crawls/20210525163340/elems/iter_00000_step_00000_19_android.widget.Button.png
2021-05-25 16:34:35,960 INFO     test_ai_mod.labeler.v1.crawls -- elem image requested, crawl: 20210525163340, filename: iter_00000_step_00000_23_android.widget.TextView.png
2021-05-25 16:34:35,962 INFO     test_ai_mod.carbon_dao.local_carbon_dao -- Getting build info: APP_ID: 2eba1d88-abac-4204-be0a-26a9932f9c3d, BUILD_ID: 3ba98c86-a177-4abd-ba58-28283800da99
2021-05-25 16:34:35,964 INFO     test_ai_mod.labeler.v1.crawls -- resolved to: /Users/bot/test_ai/apps/2eba1d88-abac-4204-be0a-26a9932f9c3d/builds/3ba98c86-a177-4abd-ba58-28283800da99/crawls/20210525163340/elems/iter_00000_step_00000_23_android.widget.TextView.png
2021-05-25 16:34:36,004 INFO     test_ai_mod.labeler.v1.crawls -- elem image requested, crawl: 20210525163340, filename: iter_00000_step_00000_16_android.widget.TextView.png
2021-05-25 16:34:36,005 INFO     test_ai_mod.carbon_dao.local_carbon_dao -- Getting build info: APP_ID: 2eba1d88-abac-4204-be0a-26a9932f9c3d, BUILD_ID: 3ba98c86-a177-4abd-ba58-28283800da99
2021-05-25 16:34:36,006 INFO     test_ai_mod.labeler.v1.crawls -- resolved to: /Users/bot/test_ai/apps/2eba1d88-abac-4204-be0a-26a9932f9c3d/builds/3ba98c86-a177-4abd-ba58-28283800da99/crawls/20210525163340/elems/iter_00000_step_00000_16_android.widget.TextView.png
2021-05-25 16:34:36,064 INFO     test_ai_mod.labeler.v1.crawls -- elem image requested, crawl: 20210525163340, filename: iter_00000_step_00000_11_android.widget.Button.png
2021-05-25 16:34:36,067 INFO     test_ai_mod.carbon_dao.local_carbon_dao -- Getting build info: APP_ID: 2eba1d88-abac-4204-be0a-26a9932f9c3d, BUILD_ID: 3ba98c86-a177-4abd-ba58-28283800da99
2021-05-25 16:34:36,067 INFO     test_ai_mod.labeler.v1.crawls -- resolved to: /Users/bot/test_ai/apps/2eba1d88-abac-4204-be0a-26a9932f9c3d/builds/3ba98c86-a177-4abd-ba58-28283800da99/crawls/20210525163340/elems/iter_00000_step_00000_11_android.widget.Button.png
2021-05-25 16:34:49,055 INFO     test_ai_mod.carbon_explore.interactive -- Interactive explore -- status -- start
2021-05-25 16:34:49,055 INFO     test_ai_mod.carbon_explore.interactive -- Interactive explore -- status -- end
2021-05-25 16:35:04,041 INFO     test_ai_mod.carbon_explore.interactive -- Interactive explore -- status -- start
2021-05-25 16:35:04,042 INFO     test_ai_mod.carbon_explore.interactive -- Interactive explore -- status -- end
2021-05-25 16:35:19,052 INFO     test_ai_mod.carbon_explore.interactive -- Interactive explore -- status -- start
2021-05-25 16:35:19,053 INFO     test_ai_mod.carbon_explore.interactive -- Interactive explore -- status -- end
2021-05-25 16:35:34,095 INFO     test_ai_mod.carbon_explore.interactive -- Interactive explore -- status -- start
2021-05-25 16:35:34,096 INFO     test_ai_mod.carbon_explore.interactive -- Interactive explore -- status -- end
2021-05-25 16:35:49,063 INFO     test_ai_mod.carbon_explore.interactive -- Interactive explore -- status -- start
2021-05-25 16:35:49,063 INFO     test_ai_mod.carbon_explore.interactive -- Interactive explore -- status -- end
2021-05-25 16:36:01,090 INFO     test_ai_mod.labeler.v1.crawls -- elem image requested, crawl: 20210525163340, filename: iter_00000_step_00000_screenshot.png
2021-05-25 16:36:01,091 INFO     test_ai_mod.carbon_dao.local_carbon_dao -- Getting build info: APP_ID: 2eba1d88-abac-4204-be0a-26a9932f9c3d, BUILD_ID: 3ba98c86-a177-4abd-ba58-28283800da99
2021-05-25 16:36:01,091 INFO     test_ai_mod.labeler.v1.crawls -- resolved to: /Users/bot/test_ai/apps/2eba1d88-abac-4204-be0a-26a9932f9c3d/builds/3ba98c86-a177-4abd-ba58-28283800da99/crawls/20210525163340/screens/iter_00000_step_00000_screenshot.png
2021-05-25 16:36:04,437 INFO     test_ai_mod.carbon_explore.interactive -- Interactive explore -- status -- start
2021-05-25 16:36:04,438 INFO     test_ai_mod.carbon_explore.interactive -- Interactive explore -- status -- end
2021-05-25 16:36:19,056 INFO     test_ai_mod.carbon_explore.interactive -- Interactive explore -- status -- start
2021-05-25 16:36:19,057 INFO     test_ai_mod.carbon_explore.interactive -- Interactive explore -- status -- end
2021-05-25 16:36:34,057 INFO     test_ai_mod.carbon_explore.interactive -- Interactive explore -- status -- start
2021-05-25 16:36:34,057 INFO     test_ai_mod.carbon_explore.interactive -- Interactive explore -- status -- end
2021-05-25 16:36:49,045 INFO     test_ai_mod.carbon_explore.interactive -- Interactive explore -- status -- start
2021-05-25 16:36:49,046 INFO     test_ai_mod.carbon_explore.interactive -- Interactive explore -- status -- end
2021-05-25 16:37:04,065 INFO     test_ai_mod.carbon_explore.interactive -- Interactive explore -- status -- start
2021-05-25 16:37:04,065 INFO     test_ai_mod.carbon_explore.interactive -- Interactive explore -- status -- end
2021-05-25 16:37:19,047 INFO     test_ai_mod.carbon_explore.interactive -- Interactive explore -- status -- start
2021-05-25 16:37:19,047 INFO     test_ai_mod.carbon_explore.interactive -- Interactive explore -- status -- end
2021-05-25 16:37:34,085 INFO     test_ai_mod.carbon_explore.interactive -- Interactive explore -- status -- start
2021-05-25 16:37:34,085 INFO     test_ai_mod.carbon_explore.interactive -- Interactive explore -- status -- end
2021-05-25 16:37:49,066 INFO     test_ai_mod.carbon_explore.interactive -- Interactive explore -- status -- start
2021-05-25 16:37:49,066 INFO     test_ai_mod.carbon_explore.interactive -- Interactive explore -- status -- end
2021-05-25 16:38:04,031 INFO     test_ai_mod.carbon_explore.interactive -- Interactive explore -- status -- start
2021-05-25 16:38:04,031 INFO     test_ai_mod.carbon_explore.interactive -- Interactive explore -- status -- end
2021-05-25 16:38:19,016 INFO     test_ai_mod.carbon_explore.interactive -- Interactive explore -- status -- start
2021-05-25 16:38:19,016 INFO     test_ai_mod.carbon_explore.interactive -- Interactive explore -- status -- end
2021-05-25 16:38:34,660 INFO     test_ai_mod.carbon_explore.interactive -- Interactive explore -- status -- start
2021-05-25 16:38:34,660 INFO     test_ai_mod.carbon_explore.interactive -- Interactive explore -- status -- end
2021-05-25 16:38:49,909 INFO     test_ai_mod.carbon_explore.interactive -- Interactive explore -- status -- start
2021-05-25 16:38:49,909 INFO     test_ai_mod.carbon_explore.interactive -- Interactive explore -- status -- end
2021-05-25 16:39:04,800 INFO     test_ai_mod.carbon_explore.interactive -- Interactive explore -- status -- start
2021-05-25 16:39:04,800 INFO     test_ai_mod.carbon_explore.interactive -- Interactive explore -- status -- end
2021-05-25 16:39:19,727 INFO     test_ai_mod.carbon_explore.interactive -- Interactive explore -- status -- start
2021-05-25 16:39:19,727 INFO     test_ai_mod.carbon_explore.interactive -- Interactive explore -- status -- end
2021-05-25 16:39:34,890 INFO     test_ai_mod.carbon_explore.interactive -- Interactive explore -- status -- start
2021-05-25 16:39:34,890 INFO     test_ai_mod.carbon_explore.interactive -- Interactive explore -- status -- end
2021-05-25 16:39:49,786 INFO     test_ai_mod.carbon_explore.interactive -- Interactive explore -- status -- start
2021-05-25 16:39:49,786 INFO     test_ai_mod.carbon_explore.interactive -- Interactive explore -- status -- end
2021-05-25 16:40:04,800 INFO     test_ai_mod.carbon_explore.interactive -- Interactive explore -- status -- start
2021-05-25 16:40:04,801 INFO     test_ai_mod.carbon_explore.interactive -- Interactive explore -- status -- end
2021-05-25 16:40:19,919 INFO     test_ai_mod.carbon_explore.interactive -- Interactive explore -- status -- start
2021-05-25 16:40:19,919 INFO     test_ai_mod.carbon_explore.interactive -- Interactive explore -- status -- end
2021-05-25 16:40:35,008 INFO     test_ai_mod.carbon_explore.interactive -- Interactive explore -- status -- start
2021-05-25 16:40:35,009 INFO     test_ai_mod.carbon_explore.interactive -- Interactive explore -- status -- end
2021-05-25 16:40:49,952 INFO     test_ai_mod.carbon_explore.interactive -- Interactive explore -- status -- start
2021-05-25 16:40:49,952 INFO     test_ai_mod.carbon_explore.interactive -- Interactive explore -- status -- end
2021-05-25 16:41:05,215 INFO     test_ai_mod.carbon_explore.interactive -- Interactive explore -- status -- start
2021-05-25 16:41:05,216 INFO     test_ai_mod.carbon_explore.interactive -- Interactive explore -- status -- end
2021-05-25 16:41:19,954 INFO     test_ai_mod.carbon_explore.interactive -- Interactive explore -- status -- start
2021-05-25 16:41:19,954 INFO     test_ai_mod.carbon_explore.interactive -- Interactive explore -- status -- end
2021-05-25 16:41:35,033 INFO     test_ai_mod.carbon_explore.interactive -- Interactive explore -- status -- start
2021-05-25 16:41:35,033 INFO     test_ai_mod.carbon_explore.interactive -- Interactive explore -- status -- end
2021-05-25 16:41:49,972 INFO     test_ai_mod.carbon_explore.interactive -- Interactive explore -- status -- start
2021-05-25 16:41:49,972 INFO     test_ai_mod.carbon_explore.interactive -- Interactive explore -- status -- end
2021-05-25 16:42:04,996 INFO     test_ai_mod.carbon_explore.interactive -- Interactive explore -- status -- start
2021-05-25 16:42:04,997 INFO     test_ai_mod.carbon_explore.interactive -- Interactive explore -- status -- end
2021-05-25 16:42:19,966 INFO     test_ai_mod.carbon_explore.interactive -- Interactive explore -- status -- start
2021-05-25 16:42:19,967 INFO     test_ai_mod.carbon_explore.interactive -- Interactive explore -- status -- end
2021-05-25 16:42:35,000 INFO     test_ai_mod.carbon_explore.interactive -- Interactive explore -- status -- start
2021-05-25 16:42:35,001 INFO     test_ai_mod.carbon_explore.interactive -- Interactive explore -- status -- end
2021-05-25 16:42:50,018 INFO     test_ai_mod.carbon_explore.interactive -- Interactive explore -- status -- start
2021-05-25 16:42:50,018 INFO     test_ai_mod.carbon_explore.interactive -- Interactive explore -- status -- end
2021-05-25 16:43:05,013 INFO     test_ai_mod.carbon_explore.interactive -- Interactive explore -- status -- start
2021-05-25 16:43:05,013 INFO     test_ai_mod.carbon_explore.interactive -- Interactive explore -- status -- end
2021-05-25 16:43:20,009 INFO     test_ai_mod.carbon_explore.interactive -- Interactive explore -- status -- start
2021-05-25 16:43:20,010 INFO     test_ai_mod.carbon_explore.interactive -- Interactive explore -- status -- end
2021-05-25 16:44:21,136 INFO     test_ai_mod.carbon_explore.interactive -- Interactive explore -- status -- start
2021-05-25 16:44:21,137 INFO     test_ai_mod.carbon_explore.interactive -- Interactive explore -- status -- end
2021-05-25 16:44:43,164 INFO     test_ai_mod.console_ui.console -- Closing all sessions
